<?xml version="1.0" encoding="UTF-8" ?>
<testsuite tests="2" failures="0" name="cucumber.RunCucumberTest" time="0.113" errors="0" skipped="0">
  <properties>
    <property name="java.runtime.name" value="OpenJDK Runtime Environment"/>
    <property name="java.vm.version" value="17.0.10+7-adhoc..jdk17u"/>
    <property name="sun.boot.library.path" value="C:\Program Files\OpenLogic\jdk-17.0.10.7-hotspot\bin"/>
    <property name="maven.multiModuleProjectDirectory" value="C:/Users/nikhilbhardwaj01/PROJECT_CODING/SOFTWARE_TESTING/INSURANCE_CALCULATOR_SPACE/premium-calculator"/>
    <property name="java.vm.vendor" value="OpenLogic"/>
    <property name="java.vendor.url" value="https://openlogic.com/"/>
    <property name="guice.disable.misplaced.annotation.check" value="true"/>
    <property name="path.separator" value=";"/>
    <property name="java.vm.name" value="OpenJDK 64-Bit Server VM"/>
    <property name="sun.os.patch.level" value=""/>
    <property name="user.script" value=""/>
    <property name="user.country" value="IN"/>
    <property name="sun.java.launcher" value="SUN_STANDARD"/>
    <property name="java.vm.specification.name" value="Java Virtual Machine Specification"/>
    <property name="user.dir" value="C:\Users\nikhilbhardwaj01\PROJECT_CODING\SOFTWARE_TESTING\INSURANCE_CALCULATOR_SPACE\premium-calculator"/>
    <property name="java.vm.compressedOopsMode" value="Zero based"/>
    <property name="java.runtime.version" value="17.0.10+7-adhoc..jdk17u"/>
    <property name="os.arch" value="amd64"/>
    <property name="java.io.tmpdir" value="C:\Users\NIKHIL~1\AppData\Local\Temp\"/>
    <property name="line.separator" value="
"/>
    <property name="java.vm.specification.vendor" value="Oracle Corporation"/>
    <property name="user.variant" value=""/>
    <property name="os.name" value="Windows 11"/>
    <property name="classworlds.conf" value="C:/.Net &amp; Java Software/apache-maven-3.6.3-bin/apache-maven-3.6.3/bin/m2.conf"/>
    <property name="sun.jnu.encoding" value="Cp1252"/>
    <property name="java.library.path" value="C:\Program Files\OpenLogic\jdk-17.0.10.7-hotspot\bin;C:\Windows\Sun\Java\bin;C:\Windows\system32;C:\Windows;C:\Users\nikhilbhardwaj01\bin;C:\Program Files\Git\mingw64\bin;C:\Program Files\Git\usr\local\bin;C:\Program Files\Git\usr\bin;C:\Program Files\Git\usr\bin;C:\Program Files\Git\mingw64\bin;C:\Program Files\Git\usr\bin;C:\Users\nikhilbhardwaj01\bin;C:\Users\nikhilbhardwaj01\My Apps\sts-4.18.0.RELEASE\plugins\org.eclipse.justj.openjdk.hotspot.jre.full.win32.x86_64_17.0.6.v20230204-1729\jre\bin\server;C:\Users\nikhilbhardwaj01\My Apps\sts-4.18.0.RELEASE\plugins\org.eclipse.justj.openjdk.hotspot.jre.full.win32.x86_64_17.0.6.v20230204-1729\jre\bin;C:\Program Files\OpenLogic\jdk-17.0.10.7-hotspot\bin;C:\Windows\system32;C:\Windows;C:\Windows\System32\Wbem;C:\Windows\System32\WindowsPowerShell\v1.0;C:\Windows\System32\OpenSSH;C:\Program Files\dotnet;C:\Program Files\Microsoft SQL Server\130\Tools\Binn;C:\Program Files\Microsoft SQL Server\Client SDK\ODBC\170\Tools\Binn;C:\jdk-11.0.2\bin;C:\Program Files (x86)\Microsoft SQL Server\150\DTS\Binn;C:\Program Files\Azure Data Studio\bin;C:\Program Files (x86)\Microsoft SQL Server\140\Tools\Binn;C:\Program Files\Microsoft SQL Server\140\Tools\Binn;C:\Program Files (x86)\Microsoft SQL Server\140\DTS\Binn;C:\Program Files\Microsoft SQL Server\140\DTS\Binn;C:\Program Files\Microsoft SQL Server\Client SDK\ODBC\130\Tools\Binn;C:\.Net &amp; Java Software\apache-maven-3.6.3-bin\apache-maven-3.6.3\bin;C:\Program Files\TortoiseSVN\bin;C:\Program Files\Git\cmd;C:\Program Files\nodejs;C:\Users\nikhilbhardwaj01\AppData\Local\Programs\Python\Python39\Scripts;C:\Users\nikhilbhardwaj01\AppData\Local\Programs\Python\Python39;C:\Users\nikhilbhardwaj01\AppData\Local\Programs\Python\Python312\Scripts;C:\Users\nikhilbhardwaj01\AppData\Local\Programs\Python\Python312;C:\Users\nikhilbhardwaj01\AppData\Local\Microsoft\WindowsApps;C:\Program Files\Azure Data Studio\bin;C:\Users\nikhilbhardwaj01\Microsoft VS Code\bin;C:\Users\nikhilbhardwaj01\AppData\Roaming\npm;C:\Program Files\Tesseract-OCR;C:\Users\nikhilbhardwaj01\AppData\Local\Android\Sdk\platform-tools;C:\Users\nikhilbhardwaj01\My Apps\sts-4.18.0.RELEASE;C:\Program Files\Git\usr\bin\vendor_perl;C:\Program Files\Git\usr\bin\core_perl;."/>
    <property name="maven.conf" value="C:/.Net &amp; Java Software/apache-maven-3.6.3-bin/apache-maven-3.6.3/conf"/>
    <property name="jdk.debug" value="release"/>
    <property name="java.class.version" value="61.0"/>
    <property name="java.specification.name" value="Java Platform API Specification"/>
    <property name="sun.management.compiler" value="HotSpot 64-Bit Tiered Compilers"/>
    <property name="os.version" value="10.0"/>
    <property name="library.jansi.path" value="C:/.Net &amp; Java Software/apache-maven-3.6.3-bin/apache-maven-3.6.3/lib/jansi-native"/>
    <property name="user.home" value="C:\Users\nikhilbhardwaj01"/>
    <property name="user.timezone" value="Asia/Calcutta"/>
    <property name="file.encoding" value="Cp1252"/>
    <property name="java.specification.version" value="17"/>
    <property name="user.name" value="nikhilbhardwaj01"/>
    <property name="java.class.path" value="C:/.Net &amp; Java Software/apache-maven-3.6.3-bin/apache-maven-3.6.3/boot/plexus-classworlds-2.6.0.jar"/>
    <property name="java.vm.specification.version" value="17"/>
    <property name="sun.arch.data.model" value="64"/>
    <property name="sun.java.command" value="org.codehaus.plexus.classworlds.launcher.Launcher test"/>
    <property name="java.home" value="C:\Program Files\OpenLogic\jdk-17.0.10.7-hotspot"/>
    <property name="user.language" value="en"/>
    <property name="java.specification.vendor" value="Oracle Corporation"/>
    <property name="java.vm.info" value="mixed mode, sharing"/>
    <property name="java.version" value="17.0.10"/>
    <property name="native.encoding" value="Cp1252"/>
    <property name="java.vendor" value="OpenLogic"/>
    <property name="sun.stderr.encoding" value="cp437"/>
    <property name="maven.home" value="C:\.Net &amp; Java Software\apache-maven-3.6.3-bin\apache-maven-3.6.3"/>
    <property name="file.separator" value="\"/>
    <property name="java.version.date" value="2024-01-16"/>
    <property name="java.vendor.url.bug" value="https://techsupport.roguewave.com/"/>
    <property name="sun.io.unicode.encoding" value="UnicodeLittle"/>
    <property name="sun.cpu.endian" value="little"/>
    <property name="java.vendor.version" value="OpenLogic-OpenJDK"/>
    <property name="sun.stdout.encoding" value="cp437"/>
    <property name="sun.cpu.isalist" value="amd64"/>
  </properties>
  <testcase classname="Premium Calculation" name="Calculate premium based on car type" time="0.108"/>
  <testcase classname="Sample Feature" name="Simple test scenario" time="0.005"/>
</testsuite>